<?xml version="1.0" encoding="UTF-8"?>
<!-- Generated by org.testng.reporters.JUnitReportReporter -->
<testsuite hostname="DESKTOP-7NRUS5E" failures="0" tests="1" name="Basic.OraganizationsTest" time="9.656" errors="0" timestamp="2024-03-24T10:15:47 IST" skipped="0">
  <testcase classname="Basic.OraganizationsTest" name="OraganizationTest" time="9.656"/>
</testsuite> <!-- Basic.OraganizationsTest -->
