<?xml version="1.0" encoding="UTF-8"?>
<!-- Generated by org.testng.reporters.JUnitReportReporter -->
<testsuite hostname="DESKTOP-7NRUS5E" failures="0" tests="1" name="Basic.Ajio" time="32.395" errors="0" timestamp="2024-03-25T15:10:32 IST" skipped="0">
  <testcase classname="Basic.Ajio" name="Ajios" time="32.395"/>
</testsuite> <!-- Basic.Ajio -->
