<?xml version="1.0" encoding="UTF-8"?>
<!-- Generated by org.testng.reporters.JUnitReportReporter -->
<testsuite hostname="DESKTOP-7NRUS5E" failures="0" tests="1" name="Basic.FipkartTest" time="19.493" errors="0" timestamp="2024-03-24T10:15:47 IST" skipped="0">
  <testcase classname="Basic.FipkartTest" name="Fipkart" time="19.493"/>
</testsuite> <!-- Basic.FipkartTest -->
