<?xml version="1.0" encoding="UTF-8"?>
<!-- Generated by org.testng.reporters.JUnitReportReporter -->
<testsuite hostname="DESKTOP-7NRUS5E" failures="0" tests="1" name="Basic.Amazon" time="40.359" errors="0" timestamp="2024-03-23T17:19:08 IST" skipped="0">
  <testcase classname="Basic.Amazon" name="Amazons" time="40.359"/>
</testsuite> <!-- Basic.Amazon -->
